components/dashboard/BalanceCard.tsx(4,31): error TS2307: Cannot find module '../ui/Typography' or its corresponding type declarations.
components/forms/AddDebtForm.tsx(50,35): error TS2345: Argument of type '{ name: string; totalAmount: number; interestRate: number; category: string; }' is not assignable to parameter of type 'Omit<Debt, "id" | "status" | "user_id" | "total_amount" | "paid_amount" | "interest_rate"> & { totalAmount: number; interestRate: number; }'.
  Property 'created_at' is missing in type '{ name: string; totalAmount: number; interestRate: number; category: string; }' but required in type 'Omit<Debt, "id" | "status" | "user_id" | "total_amount" | "paid_amount" | "interest_rate">'.
components/forms/AddExpenseDrawer.tsx(65,34): error TS2345: Argument of type '{ description: string; amount: number; date: string; type: TransactionType; categoryId: string; status: TransactionStatus; account_id: string; }' is not assignable to parameter of type 'Omit<Transaction, "id" | "user_id" | "category" | "category_id"> & { categoryId: string; }'.
  Type '{ description: string; amount: number; date: string; type: TransactionType; categoryId: string; status: TransactionStatus; account_id: string; }' is missing the following properties from type 'Omit<Transaction, "id" | "user_id" | "category" | "category_id">': created_at, goal_contribution_id, debt_payment_id, investment_id
components/forms/AddGoalForm.tsx(51,35): error TS2345: Argument of type '{ name: string; targetAmount: number; deadline: string; }' is not assignable to parameter of type 'Omit<Goal, "id" | "status" | "user_id" | "target_amount" | "current_amount" | "deadline"> & { targetAmount: number; deadline: string; }'.
  Property 'created_at' is missing in type '{ name: string; targetAmount: number; deadline: string; }' but required in type 'Omit<Goal, "id" | "status" | "user_id" | "target_amount" | "current_amount" | "deadline">'.
components/forms/AddIncomeDrawer.tsx(48,34): error TS2345: Argument of type '{ description: string; amount: number; date: string; type: TransactionType; categoryId: string; account_id: string; status: TransactionStatus; }' is not assignable to parameter of type 'Omit<Transaction, "id" | "user_id" | "category" | "category_id"> & { categoryId: string; }'.
  Type '{ description: string; amount: number; date: string; type: TransactionType; categoryId: string; account_id: string; status: TransactionStatus; }' is missing the following properties from type 'Omit<Transaction, "id" | "user_id" | "category" | "category_id">': created_at, goal_contribution_id, debt_payment_id, investment_id
components/forms/AddInvestmentDrawer.tsx(54,34): error TS2345: Argument of type '{ description: string; amount: number; date: string; type: TransactionType; categoryId: string; account_id: string; status: TransactionStatus; }' is not assignable to parameter of type 'Omit<Transaction, "id" | "user_id" | "category" | "category_id"> & { categoryId: string; }'.
  Type '{ description: string; amount: number; date: string; type: TransactionType; categoryId: string; account_id: string; status: TransactionStatus; }' is missing the following properties from type 'Omit<Transaction, "id" | "user_id" | "category" | "category_id">': created_at, goal_contribution_id, debt_payment_id, investment_id
components/forms/AddSchedulingForm.tsx(84,52): error TS2345: Argument of type '{ id: string; description: string; amount: number; type: TransactionType; categoryId: string; startDate: string; frequency: ScheduledTransactionFrequency; next_due_date: string; }' is not assignable to parameter of type 'Omit<ScheduledTransaction, "user_id" | "category" | "category_id" | "start_date"> & { categoryId: string; startDate: string; } & { id: string; }'.
  Property 'created_at' is missing in type '{ id: string; description: string; amount: number; type: TransactionType; categoryId: string; startDate: string; frequency: ScheduledTransactionFrequency; next_due_date: string; }' but required in type 'Omit<ScheduledTransaction, "user_id" | "category" | "category_id" | "start_date">'.
components/forms/AddSchedulingForm.tsx(95,49): error TS2345: Argument of type '{ description: string; amount: number; type: TransactionType; categoryId: string; startDate: string; frequency: ScheduledTransactionFrequency; }' is not assignable to parameter of type 'Omit<ScheduledTransaction, "id" | "user_id" | "category" | "category_id" | "start_date" | "next_due_date"> & { categoryId: string; startDate: string; }'.
  Property 'created_at' is missing in type '{ description: string; amount: number; type: TransactionType; categoryId: string; startDate: string; frequency: ScheduledTransactionFrequency; }' but required in type 'Omit<ScheduledTransaction, "id" | "user_id" | "category" | "category_id" | "start_date" | "next_due_date">'.
components/forms/AddTransactionForm.tsx(222,45): error TS2345: Argument of type '{ description: string; amount: number; type: TransactionType; categoryId: string; startDate: string; frequency: ScheduledTransactionFrequency; }' is not assignable to parameter of type 'Omit<ScheduledTransaction, "id" | "user_id" | "category" | "category_id" | "start_date" | "next_due_date"> & { categoryId: string; startDate: string; }'.
  Property 'created_at' is missing in type '{ description: string; amount: number; type: TransactionType; categoryId: string; startDate: string; frequency: ScheduledTransactionFrequency; }' but required in type 'Omit<ScheduledTransaction, "id" | "user_id" | "category" | "category_id" | "start_date" | "next_due_date">'.
components/forms/AddTransactionForm.tsx(261,43): error TS2345: Argument of type '{ id: string; description: string; amount: number; date: string; type: TransactionType; categoryId: string; notes: string; account_id: string; status: TransactionStatus; exclude_from_reports: boolean; reconciled: boolean; }' is not assignable to parameter of type 'Omit<Transaction, "user_id" | "category" | "category_id"> & { categoryId: string; }'.
  Type '{ id: string; description: string; amount: number; date: string; type: TransactionType; categoryId: string; notes: string; account_id: string; status: TransactionStatus; exclude_from_reports: boolean; reconciled: boolean; }' is missing the following properties from type 'Omit<Transaction, "user_id" | "category" | "category_id">': created_at, goal_contribution_id, debt_payment_id, investment_id
components/forms/AddTransactionForm.tsx(263,40): error TS2345: Argument of type '{ description: string; amount: number; date: string; type: TransactionType; categoryId: string; notes: string; account_id: string; status: TransactionStatus; exclude_from_reports: boolean; reconciled: boolean; }' is not assignable to parameter of type 'Omit<Transaction, "id" | "user_id" | "category" | "category_id"> & { categoryId: string; }'.
  Type '{ description: string; amount: number; date: string; type: TransactionType; categoryId: string; notes: string; account_id: string; status: TransactionStatus; exclude_from_reports: boolean; reconciled: boolean; }' is missing the following properties from type 'Omit<Transaction, "id" | "user_id" | "category" | "category_id">': created_at, goal_contribution_id, debt_payment_id, investment_id
components/forms/ImportTransactionsDialog.tsx(107,34): error TS2345: Argument of type '{ description: string; amount: number; date: string; type: TransactionType; categoryId: string; account_id: string; status: any; }' is not assignable to parameter of type 'Omit<Transaction, "id" | "user_id" | "category" | "category_id"> & { categoryId: string; }'.
  Type '{ description: string; amount: number; date: string; type: TransactionType; categoryId: string; account_id: string; status: any; }' is missing the following properties from type 'Omit<Transaction, "id" | "user_id" | "category" | "category_id">': created_at, goal_contribution_id, debt_payment_id, investment_id
components/goals/SmartGoalWizard.tsx(67,23): error TS2345: Argument of type '{ name: string; targetAmount: number; deadline: string; }' is not assignable to parameter of type 'Omit<Goal, "id" | "status" | "user_id" | "target_amount" | "current_amount" | "deadline"> & { targetAmount: number; deadline: string; }'.
  Property 'created_at' is missing in type '{ name: string; targetAmount: number; deadline: string; }' but required in type 'Omit<Goal, "id" | "status" | "user_id" | "target_amount" | "current_amount" | "deadline">'.
components/investments/AddInvestmentModal.tsx(20,59): error TS2345: Argument of type '{ name: string; ticker: string; type: InvestmentType; amount: number; quantity: number; purchase_date: string; sector: string; current_price: number; }' is not assignable to parameter of type 'NewInvestment | (() => NewInvestment)'.
  Type '{ name: string; ticker: string; type: InvestmentType; amount: number; quantity: number; purchase_date: string; sector: string; current_price: number; }' is missing the following properties from type 'NewInvestment': color, created_at, logo_url
components/investments/AddInvestmentModal.tsx(33,21): error TS2345: Argument of type '{ name: string; ticker: string; type: InvestmentType; amount: number; quantity: number; purchase_date: string; sector: string; current_price: number; }' is not assignable to parameter of type 'SetStateAction<NewInvestment>'.
  Type '{ name: string; ticker: string; type: InvestmentType; amount: number; quantity: number; purchase_date: string; sector: string; current_price: number; }' is missing the following properties from type 'NewInvestment': color, created_at, logo_url
components/investments/AddInvestmentModal.tsx(44,21): error TS2345: Argument of type '{ name: string; ticker: string; type: InvestmentType; amount: number; quantity: number; purchase_date: string; sector: string; current_price: number; }' is not assignable to parameter of type 'SetStateAction<NewInvestment>'.
  Type '{ name: string; ticker: string; type: InvestmentType; amount: number; quantity: number; purchase_date: string; sector: string; current_price: number; }' is missing the following properties from type 'NewInvestment': color, created_at, logo_url
components/investments/AddInvestmentModal.tsx(85,25): error TS2345: Argument of type '{ name: string; ticker: string; type: InvestmentType; amount: number; quantity: number; purchase_date: string; sector: string; current_price: number; }' is not assignable to parameter of type 'SetStateAction<NewInvestment>'.
  Type '{ name: string; ticker: string; type: InvestmentType; amount: number; quantity: number; purchase_date: string; sector: string; current_price: number; }' is missing the following properties from type 'NewInvestment': color, created_at, logo_url
components/social/FamilyInvite.tsx(39,29): error TS2322: Type '{ value: string; onChange: Dispatch<SetStateAction<string>>; placeholder: string; icon: Element; }' is not assignable to type 'IntrinsicAttributes & SmartInputProps'.
  Property 'icon' does not exist on type 'IntrinsicAttributes & SmartInputProps'.
components/social/TransactionComments.tsx(149,25): error TS2322: Type '{ value: string; onChange: Dispatch<SetStateAction<string>>; placeholder: string; onKeyDown: (e: any) => void; }' is not assignable to type 'IntrinsicAttributes & SmartInputProps'.
  Property 'onKeyDown' does not exist on type 'IntrinsicAttributes & SmartInputProps'.
components/transactions/ScheduledTransactionCard.tsx(58,32): error TS2345: Argument of type '{ description: string; amount: number; type: TransactionType; date: string; categoryId: string; account_id: string; status: TransactionStatus; }' is not assignable to parameter of type 'Omit<Transaction, "id" | "user_id" | "category" | "category_id"> & { categoryId: string; }'.
  Type '{ description: string; amount: number; type: TransactionType; date: string; categoryId: string; account_id: string; status: TransactionStatus; }' is missing the following properties from type 'Omit<Transaction, "id" | "user_id" | "category" | "category_id">': created_at, goal_contribution_id, debt_payment_id, investment_id
components/ui/Accordion.tsx(2,37): error TS2307: Cannot find module '@radix-ui/react-accordion' or its corresponding type declarations.
components/ui/AvatarGroup.tsx(3,53): error TS1149: File name 'F:/Apps/financehub1/components/ui/avatar.tsx' differs from already included file name 'F:/Apps/financehub1/components/ui/Avatar.tsx' only in casing.
  The file is in the program because:
    Imported via '../ui/Avatar' from file 'F:/Apps/financehub1/components/layout/PageHeader.tsx'
    Matched by include pattern 'components/**/*' in 'F:/Apps/financehub1/tsconfig.json'
    Imported via './avatar' from file 'F:/Apps/financehub1/components/ui/AvatarGroup.tsx'
    Imported via '../ui/Avatar' from file 'F:/Apps/financehub1/components/views/DesignSystemView.tsx'
components/ui/Gamification.tsx(3,26): error TS1149: File name 'F:/Apps/financehub1/components/ui/progress.tsx' differs from already included file name 'F:/Apps/financehub1/components/ui/Progress.tsx' only in casing.
  The file is in the program because:
    Imported via '../ui/Progress' from file 'F:/Apps/financehub1/components/budgets/BudgetManager.tsx'
    Imported via '../ui/Progress' from file 'F:/Apps/financehub1/components/dashboard/GettingStartedChecklist.tsx'
    Imported via '../ui/Progress' from file 'F:/Apps/financehub1/components/dashboard/MonthlyChallengesCard.tsx'
    Imported via '../ui/Progress' from file 'F:/Apps/financehub1/components/dashboard/UserLevelBar.tsx'
    Imported via '../Progress' from file 'F:/Apps/financehub1/components/ui/charts/MonthlySummaryChart.tsx'
    Imported via '../ui/Progress' from file 'F:/Apps/financehub1/components/goals/GoalCard.tsx'
    Imported via './progress' from file 'F:/Apps/financehub1/components/ui/Gamification.tsx'
    Matched by include pattern 'components/**/*' in 'F:/Apps/financehub1/tsconfig.json'
    Imported via '../ui/Progress' from file 'F:/Apps/financehub1/components/views/DebtsView.tsx'
    Imported via '../ui/Progress' from file 'F:/Apps/financehub1/components/views/DesignSystemView.tsx'
components/ui/MegaMenu.tsx(10,8): error TS2307: Cannot find module '@/components/ui/navigation-menu' or its corresponding type declarations.
components/ui/RangeSlider.tsx(2,34): error TS2307: Cannot find module '@radix-ui/react-slider' or its corresponding type declarations.
components/ui/SpotlightSearch.tsx(2,39): error TS1149: File name 'F:/Apps/financehub1/components/ui/dialog.tsx' differs from already included file name 'F:/Apps/financehub1/components/ui/Dialog.tsx' only in casing.
  The file is in the program because:
    Imported via '../ui/Dialog' from file 'F:/Apps/financehub1/components/goals/SmartGoalWizard.tsx'
    Imported via '../ui/Dialog' from file 'F:/Apps/financehub1/components/social/TransactionCommentsDialog.tsx'
    Imported via '../ui/Dialog' from file 'F:/Apps/financehub1/components/budgets/BudgetManager.tsx'
    Imported via '@/components/ui/Dialog' from file 'F:/Apps/financehub1/components/dashboard/AuditLogDialog.tsx'
    Imported via '../ui/Dialog' from file 'F:/Apps/financehub1/components/investments/AddInvestmentModal.tsx'
    Imported via '../ui/Dialog' from file 'F:/Apps/financehub1/components/transactions/BulkEditDialog.tsx'
    Imported via "@/components/ui/Dialog" from file 'F:/Apps/financehub1/components/transactions/MergeDialog.tsx'
    Imported via "@/components/ui/Dialog" from file 'F:/Apps/financehub1/components/transactions/CloneMonthDialog.tsx'
    Imported via '../ui/Dialog' from file 'F:/Apps/financehub1/components/transactions/SmartReclassificationDialog.tsx'
    Imported via "@/components/ui/Dialog" from file 'F:/Apps/financehub1/components/transactions/TrashDialog.tsx'
    Matched by include pattern 'components/**/*' in 'F:/Apps/financehub1/tsconfig.json'
    Imported via './dialog' from file 'F:/Apps/financehub1/components/ui/SpotlightSearch.tsx'
    Imported via "../ui/Dialog" from file 'F:/Apps/financehub1/components/views/DesignSystemView.tsx'
components/views/DebtsView.tsx(116,26): error TS2322: Type '{ children: Element; icon: MemoExoticComponent<(props: SVGProps<SVGSVGElement>) => Element>; title: string; description: string; }' is not assignable to type 'IntrinsicAttributes & EmptyStateProps'.
  Property 'children' does not exist on type 'IntrinsicAttributes & EmptyStateProps'.
components/views/SchedulingView.tsx(284,30): error TS2322: Type '{ children: Element; icon: MemoExoticComponent<(props: SVGProps<SVGSVGElement>) => Element>; title: string; description: string; }' is not assignable to type 'IntrinsicAttributes & EmptyStateProps'.
  Property 'children' does not exist on type 'IntrinsicAttributes & EmptyStateProps'.
components/views/TransactionsView.tsx(255,30): error TS2322: Type '{ children: Element; icon: MemoExoticComponent<(props: SVGProps<SVGSVGElement>) => Element>; title: string; description: string; }' is not assignable to type 'IntrinsicAttributes & EmptyStateProps'.
  Property 'children' does not exist on type 'IntrinsicAttributes & EmptyStateProps'.
contexts/NotificationContext.tsx(3,26): error TS2307: Cannot find module '../lib/supabase' or its corresponding type declarations.
contexts/SocialContext.tsx(77,45): error TS2345: Argument of type '{ id: string; family_id: string; email: string; token: string; status: string; created_at: string; expires_at: string; created_by: string; }[]' is not assignable to parameter of type 'SetStateAction<FamilyInvite[]>'.
  Type '{ id: string; family_id: string; email: string; token: string; status: string; created_at: string; expires_at: string; created_by: string; }[]' is not assignable to type 'FamilyInvite[]'.
    Type '{ id: string; family_id: string; email: string; token: string; status: string; created_at: string; expires_at: string; created_by: string; }' is not assignable to type 'FamilyInvite'.
      Types of property 'status' are incompatible.
        Type 'string' is not assignable to type '"pending" | "accepted" | "expired"'.
hooks/useDashboardData.tsx(44,5): error TS2741: Property 'created_at' is missing in type '{ user_id: string; name: string; icon: React.ElementType<any, keyof React.JSX.IntrinsicElements>; color: string; }' but required in type 'Omit<Category, "id">'.
hooks/useDashboardData.tsx(45,5): error TS2741: Property 'created_at' is missing in type '{ user_id: string; name: string; icon: React.ElementType<any, keyof React.JSX.IntrinsicElements>; color: string; }' but required in type 'Omit<Category, "id">'.
hooks/useDashboardData.tsx(46,5): error TS2741: Property 'created_at' is missing in type '{ user_id: string; name: string; icon: React.ElementType<any, keyof React.JSX.IntrinsicElements>; color: string; }' but required in type 'Omit<Category, "id">'.
hooks/useDashboardData.tsx(47,5): error TS2741: Property 'created_at' is missing in type '{ user_id: string; name: string; icon: React.ElementType<any, keyof React.JSX.IntrinsicElements>; color: string; }' but required in type 'Omit<Category, "id">'.
hooks/useDashboardData.tsx(48,5): error TS2741: Property 'created_at' is missing in type '{ user_id: string; name: string; icon: React.ElementType<any, keyof React.JSX.IntrinsicElements>; color: string; }' but required in type 'Omit<Category, "id">'.
hooks/useDashboardData.tsx(49,5): error TS2741: Property 'created_at' is missing in type '{ user_id: string; name: string; icon: React.ElementType<any, keyof React.JSX.IntrinsicElements>; color: string; }' but required in type 'Omit<Category, "id">'.
hooks/useDashboardData.tsx(50,5): error TS2741: Property 'created_at' is missing in type '{ user_id: string; name: string; icon: React.ElementType<any, keyof React.JSX.IntrinsicElements>; color: string; }' but required in type 'Omit<Category, "id">'.
hooks/useDashboardData.tsx(51,5): error TS2741: Property 'created_at' is missing in type '{ user_id: string; name: string; icon: React.ElementType<any, keyof React.JSX.IntrinsicElements>; color: string; }' but required in type 'Omit<Category, "id">'.
hooks/useDashboardData.tsx(52,5): error TS2741: Property 'created_at' is missing in type '{ user_id: string; name: string; icon: React.ElementType<any, keyof React.JSX.IntrinsicElements>; color: string; }' but required in type 'Omit<Category, "id">'.
hooks/useDashboardData.tsx(53,5): error TS2741: Property 'created_at' is missing in type '{ user_id: string; name: string; icon: React.ElementType<any, keyof React.JSX.IntrinsicElements>; color: string; }' but required in type 'Omit<Category, "id">'.
hooks/useDashboardData.tsx(74,11): error TS2741: Property 'created_at' is missing in type '{ user_id: string; name: string; target_amount: number; current_amount: number; deadline: string; status: GoalStatus; }' but required in type 'Omit<Goal, "id">'.
hooks/useDashboardData.tsx(87,23): error TS2345: Argument of type '{ description: string; amount: number; type: TransactionType; date: string; category_id: string; user_id: string; goal_contribution_id: string; status: TransactionStatus; account_id: string; }' is not assignable to parameter of type 'Omit<Transaction, "id" | "category">'.
  Type '{ description: string; amount: number; type: TransactionType; date: string; category_id: string; user_id: string; goal_contribution_id: string; status: TransactionStatus; account_id: string; }' is missing the following properties from type 'Omit<Transaction, "id" | "category">': created_at, debt_payment_id, investment_id
hooks/useDashboardData.tsx(101,11): error TS2741: Property 'created_at' is missing in type '{ user_id: string; name: string; total_amount: number; paid_amount: number; interest_rate: number; category: string; status: DebtStatus; }' but required in type 'Omit<Debt, "id">'.
hooks/useDashboardData.tsx(111,23): error TS2345: Argument of type '{ description: string; amount: number; type: TransactionType; date: string; category_id: string; user_id: string; debt_payment_id: string; status: TransactionStatus; account_id: string; }' is not assignable to parameter of type 'Omit<Transaction, "id" | "category">'.
  Type '{ description: string; amount: number; type: TransactionType; date: string; category_id: string; user_id: string; debt_payment_id: string; status: TransactionStatus; account_id: string; }' is missing the following properties from type 'Omit<Transaction, "id" | "category">': created_at, goal_contribution_id, investment_id
hooks/useDashboardData.tsx(126,27): error TS2345: Argument of type '{ description: string; amount: number; type: TransactionType; date: string; category_id: string; user_id: string; status: TransactionStatus; account_id: string; }' is not assignable to parameter of type 'Omit<Transaction, "id" | "category">'.
  Type '{ description: string; amount: number; type: TransactionType; date: string; category_id: string; user_id: string; status: TransactionStatus; account_id: string; }' is missing the following properties from type 'Omit<Transaction, "id" | "category">': created_at, goal_contribution_id, debt_payment_id, investment_id
hooks/useDashboardData.tsx(138,31): error TS2345: Argument of type '{ description: string; amount: number; type: TransactionType; date: string; category_id: string; user_id: string; status: TransactionStatus; account_id: string; }' is not assignable to parameter of type 'Omit<Transaction, "id" | "category">'.
  Type '{ description: string; amount: number; type: TransactionType; date: string; category_id: string; user_id: string; status: TransactionStatus; account_id: string; }' is missing the following properties from type 'Omit<Transaction, "id" | "category">': created_at, goal_contribution_id, debt_payment_id, investment_id
hooks/useDashboardData.tsx(152,32): error TS2345: Argument of type '{ description: string; amount: number; type: TransactionType; category_id: string; start_date: string; next_due_date: string; frequency: ScheduledTransactionFrequency; user_id: string; }' is not assignable to parameter of type 'Omit<ScheduledTransaction, "id" | "category">'.
  Property 'created_at' is missing in type '{ description: string; amount: number; type: TransactionType; category_id: string; start_date: string; next_due_date: string; frequency: ScheduledTransactionFrequency; user_id: string; }' but required in type 'Omit<ScheduledTransaction, "id" | "category">'.
hooks/useDashboardData.tsx(162,33): error TS2345: Argument of type '{ description: string; amount: number; type: TransactionType; category_id: string; start_date: string; next_due_date: string; frequency: ScheduledTransactionFrequency; user_id: string; }' is not assignable to parameter of type 'Omit<ScheduledTransaction, "id" | "category">'.
  Property 'created_at' is missing in type '{ description: string; amount: number; type: TransactionType; category_id: string; start_date: string; next_due_date: string; frequency: ScheduledTransactionFrequency; user_id: string; }' but required in type 'Omit<ScheduledTransaction, "id" | "category">'.
hooks/useDashboardData.tsx(305,35): error TS2769: No overload matches this call.
  Overload 1 of 2, '(relation: "achievements" | "categories" | "debts" | "families" | "family_invites" | "goals" | "investments" | "scheduled_transactions" | "transaction_comments" | "transactions" | "user_families" | "user_profiles"): PostgrestQueryBuilder<...>', gave the following error.
    Argument of type '"accounts"' is not assignable to parameter of type '"achievements" | "categories" | "debts" | "families" | "family_invites" | "goals" | "investments" | "scheduled_transactions" | "transaction_comments" | "transactions" | "user_families" | "user_profiles"'.
  Overload 2 of 2, '(relation: never): PostgrestQueryBuilder<{ Tables: { achievements: { Row: { id: string; name: string; description: string; unlocked: boolean; dateUnlocked: string; }; Insert: { id?: string; name: string; description: string; unlocked?: boolean; dateUnlocked?: string; }; Update: { ...; }; }; ... 10 more ...; user_profiles: { ...; }; }; Views: {}; Functions: { ...; }; Enums: { ...; }; CompositeTypes: {}; }, never, never, never>', gave the following error.
    Argument of type '"accounts"' is not assignable to parameter of type 'never'.
hooks/useDashboardData.tsx(322,33): error TS2769: No overload matches this call.
  Overload 1 of 2, '(values: { id?: string; user_id: string; name: string; icon: string; color: string; created_at?: string; }, options?: { count?: "exact" | "planned" | "estimated"; }): PostgrestFilterBuilder<{ Tables: { achievements: { ...; }; ... 10 more ...; user_profiles: { ...; }; }; Views: {}; Functions: { ...; }; Enums: { ...; }; CompositeTypes: {}; }, { ...; }, null, "categories", unknown>', gave the following error.
    Argument of type 'Omit<Category, "id">[]' is not assignable to parameter of type '{ id?: string; user_id: string; name: string; icon: string; color: string; created_at?: string; }'.
      Type 'Omit<Category, "id">[]' is missing the following properties from type '{ id?: string; user_id: string; name: string; icon: string; color: string; created_at?: string; }': user_id, name, icon, color
  Overload 2 of 2, '(values: { id?: string; user_id: string; name: string; icon: string; color: string; created_at?: string; }[], options?: { count?: "exact" | "planned" | "estimated"; defaultToNull?: boolean; }): PostgrestFilterBuilder<{ ...; }, { ...; }, null, "categories", unknown>', gave the following error.
    Argument of type 'Omit<Category, "id">[]' is not assignable to parameter of type '{ id?: string; user_id: string; name: string; icon: string; color: string; created_at?: string; }[]'.
      Type 'Omit<Category, "id">' is not assignable to type '{ id?: string; user_id: string; name: string; icon: string; color: string; created_at?: string; }'.
        Types of property 'icon' are incompatible.
          Type 'ElementType<any, keyof IntrinsicElements>' is not assignable to type 'string'.
            Type 'ComponentClass<any, any>' is not assignable to type 'string'.
hooks/useDashboardData.tsx(338,31): error TS2769: No overload matches this call.
  Overload 1 of 2, '(relation: "achievements" | "categories" | "debts" | "families" | "family_invites" | "goals" | "investments" | "scheduled_transactions" | "transaction_comments" | "transactions" | "user_families" | "user_profiles"): PostgrestQueryBuilder<...>', gave the following error.
    Argument of type '"accounts"' is not assignable to parameter of type '"achievements" | "categories" | "debts" | "families" | "family_invites" | "goals" | "investments" | "scheduled_transactions" | "transaction_comments" | "transactions" | "user_families" | "user_profiles"'.
  Overload 2 of 2, '(relation: never): PostgrestQueryBuilder<{ Tables: { achievements: { Row: { id: string; name: string; description: string; unlocked: boolean; dateUnlocked: string; }; Insert: { id?: string; name: string; description: string; unlocked?: boolean; dateUnlocked?: string; }; Update: { ...; }; }; ... 10 more ...; user_profiles: { ...; }; }; Views: {}; Functions: { ...; }; Enums: { ...; }; CompositeTypes: {}; }, never, never, never>', gave the following error.
    Argument of type '"accounts"' is not assignable to parameter of type 'never'.
hooks/useDashboardData.tsx(339,33): error TS2769: No overload matches this call.
  Overload 1 of 2, '(values: { id?: string; name: string; description: string; unlocked?: boolean; dateUnlocked?: string; } | { id?: string; user_id: string; name: string; icon: string; color: string; created_at?: string; } | { id?: string; ... 7 more ...; created_at?: string; } | ... 8 more ... | { ...; }, options?: { ...; }): PostgrestFilterBuilder<...>', gave the following error.
    Argument of type '{ user_id: string; name: string; type: string; balance: number; color: string; }' is not assignable to parameter of type '{ id?: string; name: string; description: string; unlocked?: boolean; dateUnlocked?: string; } | { id?: string; user_id: string; name: string; icon: string; color: string; created_at?: string; } | { id?: string; ... 7 more ...; created_at?: string; } | ... 8 more ... | { ...; }'.
      Property 'amount' is missing in type '{ user_id: string; name: string; type: string; balance: number; color: string; }' but required in type '{ id?: string; user_id: string; name: string; ticker?: string; type: "renda_fixa" | "acoes" | "fiis" | "cripto" | "exterior" | "outros"; amount: number; quantity?: number; current_price?: number; ... 4 more ...; created_at?: string; }'.
  Overload 2 of 2, '(values: ({ id?: string; name: string; description: string; unlocked?: boolean; dateUnlocked?: string; } | { id?: string; user_id: string; name: string; icon: string; color: string; created_at?: string; } | { id?: string; ... 7 more ...; created_at?: string; } | ... 8 more ... | { ...; })[], options?: { ...; }): PostgrestFilterBuilder<...>', gave the following error.
    Argument of type '{ user_id: string; name: string; type: string; balance: number; color: string; }' is not assignable to parameter of type '({ id?: string; name: string; description: string; unlocked?: boolean; dateUnlocked?: string; } | { id?: string; user_id: string; name: string; icon: string; color: string; created_at?: string; } | { id?: string; ... 7 more ...; created_at?: string; } | ... 8 more ... | { ...; })[]'.
      Type '{ user_id: string; name: string; type: string; balance: number; color: string; }' is missing the following properties from type '({ id?: string; name: string; description: string; unlocked?: boolean; dateUnlocked?: string; } | { id?: string; user_id: string; name: string; icon: string; color: string; created_at?: string; } | { id?: string; ... 7 more ...; created_at?: string; } | ... 8 more ... | { ...; })[]': length, pop, push, concat, and 29 more.
hooks/useDashboardData.tsx(346,29): error TS2345: Argument of type '({ id: string; user_id: string; name: string; target_amount: number; current_amount: number; deadline: string; status: "EM_ANDAMENTO" | "CONCLUIDO"; created_at: string; } | { id: string; user_id: string; ... 6 more ...; created_at: string; } | ... 9 more ... | { ...; })[]' is not assignable to parameter of type 'SetStateAction<Account[]>'.
  Type '({ id: string; user_id: string; name: string; target_amount: number; current_amount: number; deadline: string; status: "EM_ANDAMENTO" | "CONCLUIDO"; created_at: string; } | { id: string; user_id: string; ... 6 more ...; created_at: string; } | ... 9 more ... | { ...; })[]' is not assignable to type 'Account[]'.
    Type '{ id: string; user_id: string; name: string; target_amount: number; current_amount: number; deadline: string; status: "EM_ANDAMENTO" | "CONCLUIDO"; created_at: string; } | { id: string; user_id: string; ... 6 more ...; created_at: string; } | ... 9 more ... | { ...; }' is not assignable to type 'Account'.
      Type '{ id: string; user_id: string; name: string; target_amount: number; current_amount: number; deadline: string; status: "EM_ANDAMENTO" | "CONCLUIDO"; created_at: string; }' is missing the following properties from type 'Account': type, balance, color
hooks/useDashboardData.tsx(368,35): error TS2769: No overload matches this call.
  Overload 1 of 2, '(relation: "achievements" | "categories" | "debts" | "families" | "family_invites" | "goals" | "investments" | "scheduled_transactions" | "transaction_comments" | "transactions" | "user_families" | "user_profiles"): PostgrestQueryBuilder<...>', gave the following error.
    Argument of type '"audit_logs"' is not assignable to parameter of type '"achievements" | "categories" | "debts" | "families" | "family_invites" | "goals" | "investments" | "scheduled_transactions" | "transaction_comments" | "transactions" | "user_families" | "user_profiles"'.
  Overload 2 of 2, '(relation: never): PostgrestQueryBuilder<{ Tables: { achievements: { Row: { id: string; name: string; description: string; unlocked: boolean; dateUnlocked: string; }; Insert: { id?: string; name: string; description: string; unlocked?: boolean; dateUnlocked?: string; }; Update: { ...; }; }; ... 10 more ...; user_profiles: { ...; }; }; Views: {}; Functions: { ...; }; Enums: { ...; }; CompositeTypes: {}; }, never, never, never>', gave the following error.
    Argument of type '"audit_logs"' is not assignable to parameter of type 'never'.
hooks/useDashboardData.tsx(369,35): error TS2769: No overload matches this call.
  Overload 1 of 2, '(relation: "achievements" | "categories" | "debts" | "families" | "family_invites" | "goals" | "investments" | "scheduled_transactions" | "transaction_comments" | "transactions" | "user_families" | "user_profiles"): PostgrestQueryBuilder<...>', gave the following error.
    Argument of type '"budgets"' is not assignable to parameter of type '"achievements" | "categories" | "debts" | "families" | "family_invites" | "goals" | "investments" | "scheduled_transactions" | "transaction_comments" | "transactions" | "user_families" | "user_profiles"'.
  Overload 2 of 2, '(relation: never): PostgrestQueryBuilder<{ Tables: { achievements: { Row: { id: string; name: string; description: string; unlocked: boolean; dateUnlocked: string; }; Insert: { id?: string; name: string; description: string; unlocked?: boolean; dateUnlocked?: string; }; Update: { ...; }; }; ... 10 more ...; user_profiles: { ...; }; }; Views: {}; Functions: { ...; }; Enums: { ...; }; CompositeTypes: {}; }, never, never, never>', gave the following error.
    Argument of type '"budgets"' is not assignable to parameter of type 'never'.
hooks/useDashboardData.tsx(386,36): error TS2339: Property 'account_id' does not exist on type '{ id: string; user_id: string; description: string; amount: number; type: "receita" | "despesa"; date: string; category_id: string; goal_contribution_id: string; debt_payment_id: string; investment_id: string; starred: boolean; deleted_at: string; created_at: string; }'.
hooks/useDashboardData.tsx(386,71): error TS2339: Property 'id' does not exist on type '{ id: string; user_id: string; name: string; target_amount: number; current_amount: number; deadline: string; status: "EM_ANDAMENTO" | "CONCLUIDO"; created_at: string; } | { id: string; user_id: string; ... 6 more ...; created_at: string; } | ... 9 more ... | { ...; }'.
  Property 'id' does not exist on type '{ user_id: string; family_id: string; role: string; joined_at: string; }'.
hooks/useDashboardData.tsx(387,32): error TS2339: Property 'status' does not exist on type '{ id: string; user_id: string; description: string; amount: number; type: "receita" | "despesa"; date: string; category_id: string; goal_contribution_id: string; debt_payment_id: string; investment_id: string; starred: boolean; deleted_at: string; created_at: string; }'.
hooks/useDashboardData.tsx(395,28): error TS2345: Argument of type '({ id: string; user_id: string; name: string; target_amount: number; current_amount: number; deadline: string; status: "EM_ANDAMENTO" | "CONCLUIDO"; created_at: string; } | { id: string; user_id: string; ... 6 more ...; created_at: string; } | ... 9 more ... | { ...; })[]' is not assignable to parameter of type 'SetStateAction<Budget[]>'.
  Type '({ id: string; user_id: string; name: string; target_amount: number; current_amount: number; deadline: string; status: "EM_ANDAMENTO" | "CONCLUIDO"; created_at: string; } | { id: string; user_id: string; ... 6 more ...; created_at: string; } | ... 9 more ... | { ...; })[]' is not assignable to type 'Budget[]'.
    Type '{ id: string; user_id: string; name: string; target_amount: number; current_amount: number; deadline: string; status: "EM_ANDAMENTO" | "CONCLUIDO"; created_at: string; } | { id: string; user_id: string; ... 6 more ...; created_at: string; } | ... 9 more ... | { ...; }' is not assignable to type 'Budget'.
      Type '{ id: string; user_id: string; name: string; target_amount: number; current_amount: number; deadline: string; status: "EM_ANDAMENTO" | "CONCLUIDO"; created_at: string; }' is missing the following properties from type 'Budget': category_id, amount, period, updated_at
hooks/useDashboardData.tsx(397,30): error TS2352: Conversion of type '({ id: string; user_id: string; name: string; target_amount: number; current_amount: number; deadline: string; status: "EM_ANDAMENTO" | "CONCLUIDO"; created_at: string; } | { id: string; user_id: string; ... 6 more ...; created_at: string; } | ... 9 more ... | { ...; })[]' to type 'AuditLog[]' may be a mistake because neither type sufficiently overlaps with the other. If this was intentional, convert the expression to 'unknown' first.
  Type '{ id: string; user_id: string; name: string; target_amount: number; current_amount: number; deadline: string; status: "EM_ANDAMENTO" | "CONCLUIDO"; created_at: string; } | { id: string; user_id: string; ... 6 more ...; created_at: string; } | ... 9 more ... | { ...; }' is not comparable to type 'AuditLog'.
    Type '{ id: string; full_name: string; avatar_url: string; xp: number; level: number; updated_at: string; }' is missing the following properties from type 'AuditLog': action, entity, entity_id, details, and 2 more.
hooks/useDashboardData.tsx(863,25): error TS2345: Argument of type '{ amount: number; type?: TransactionType; status?: TransactionStatus; notes?: string; account_id?: string; exclude_from_reports?: boolean; starred?: boolean; ... 14 more ...; investment_id?: string; }' is not assignable to parameter of type '{ id?: string; user_id?: string; description?: string; amount?: number; type?: "receita" | "despesa"; date?: string; category_id?: string; goal_contribution_id?: string; debt_payment_id?: string; investment_id?: string; starred?: boolean; deleted_at?: string; created_at?: string; }'.
  Types of property 'type' are incompatible.
    Type 'TransactionType' is not assignable to type '"receita" | "despesa"'.
      Type '"transfer"' is not assignable to type '"receita" | "despesa"'.
hooks/useDashboardData.tsx(890,77): error TS2345: Argument of type '{ category_id: string; type: TransactionType; status: TransactionStatus; notes?: string | null; account_id: string; exclude_from_reports?: boolean; starred?: boolean | null; reconciled?: boolean; ... 12 more ...; investment_id: string | null; }' is not assignable to parameter of type '{ id?: string; user_id?: string; description?: string; amount?: number; type?: "receita" | "despesa"; date?: string; category_id?: string; goal_contribution_id?: string; debt_payment_id?: string; investment_id?: string; starred?: boolean; deleted_at?: string; created_at?: string; }'.
  Types of property 'type' are incompatible.
    Type 'TransactionType' is not assignable to type '"receita" | "despesa"'.
      Type '"transfer"' is not assignable to type '"receita" | "despesa"'.
hooks/useDashboardData.tsx(1149,19): error TS2741: Property 'created_at' is missing in type '{ id: `${string}-${string}-${string}-${string}-${string}`; name: string; target_amount: number; deadline: string; current_amount: number; status: GoalStatus; user_id: string; }' but required in type 'Goal'.
hooks/useDashboardData.tsx(1213,53): error TS2769: No overload matches this call.
  Overload 1 of 2, '(relation: "achievements" | "categories" | "debts" | "families" | "family_invites" | "goals" | "investments" | "scheduled_transactions" | "transaction_comments" | "transactions" | "user_families" | "user_profiles"): PostgrestQueryBuilder<...>', gave the following error.
    Argument of type '"budgets"' is not assignable to parameter of type '"achievements" | "categories" | "debts" | "families" | "family_invites" | "goals" | "investments" | "scheduled_transactions" | "transaction_comments" | "transactions" | "user_families" | "user_profiles"'.
  Overload 2 of 2, '(relation: never): PostgrestQueryBuilder<{ Tables: { achievements: { Row: { id: string; name: string; description: string; unlocked: boolean; dateUnlocked: string; }; Insert: { id?: string; name: string; description: string; unlocked?: boolean; dateUnlocked?: string; }; Update: { ...; }; }; ... 10 more ...; user_profiles: { ...; }; }; Views: {}; Functions: { ...; }; Enums: { ...; }; CompositeTypes: {}; }, never, never, never>', gave the following error.
    Argument of type '"budgets"' is not assignable to parameter of type 'never'.
hooks/useDashboardData.tsx(1213,64): error TS2769: No overload matches this call.
  Overload 1 of 2, '(values: { id?: string; name: string; description: string; unlocked?: boolean; dateUnlocked?: string; } | { id?: string; user_id: string; name: string; icon: string; color: string; created_at?: string; } | { id?: string; ... 7 more ...; created_at?: string; } | ... 8 more ... | { ...; }, options?: { ...; }): PostgrestFilterBuilder<...>', gave the following error.
    Object literal may only specify known properties, and 'period' does not exist in type '{ id?: string; name: string; description: string; unlocked?: boolean; dateUnlocked?: string; } | { id?: string; user_id: string; name: string; icon: string; color: string; created_at?: string; } | { id?: string; ... 7 more ...; created_at?: string; } | ... 8 more ... | { ...; }'.
  Overload 2 of 2, '(values: ({ id?: string; name: string; description: string; unlocked?: boolean; dateUnlocked?: string; } | { id?: string; user_id: string; name: string; icon: string; color: string; created_at?: string; } | { id?: string; ... 7 more ...; created_at?: string; } | ... 8 more ... | { ...; })[], options?: { ...; }): PostgrestFilterBuilder<...>', gave the following error.
    Object literal may only specify known properties, and 'category_id' does not exist in type '({ id?: string; name: string; description: string; unlocked?: boolean; dateUnlocked?: string; } | { id?: string; user_id: string; name: string; icon: string; color: string; created_at?: string; } | { id?: string; ... 7 more ...; created_at?: string; } | ... 8 more ... | { ...; })[]'.
hooks/useDashboardData.tsx(1222,16): error TS2352: Conversion of type '{ id: string; user_id: string; name: string; target_amount: number; current_amount: number; deadline: string; status: "EM_ANDAMENTO" | "CONCLUIDO"; created_at: string; } | { id: string; user_id: string; ... 6 more ...; created_at: string; } | ... 9 more ... | { ...; }' to type 'Budget' may be a mistake because neither type sufficiently overlaps with the other. If this was intentional, convert the expression to 'unknown' first.
  Type '{ id: string; full_name: string; avatar_url: string; xp: number; level: number; updated_at: string; }' is missing the following properties from type 'Budget': user_id, category_id, amount, period, created_at
hooks/useDashboardData.tsx(1235,47): error TS2769: No overload matches this call.
  Overload 1 of 2, '(relation: "achievements" | "categories" | "debts" | "families" | "family_invites" | "goals" | "investments" | "scheduled_transactions" | "transaction_comments" | "transactions" | "user_families" | "user_profiles"): PostgrestQueryBuilder<...>', gave the following error.
    Argument of type '"budgets"' is not assignable to parameter of type '"achievements" | "categories" | "debts" | "families" | "family_invites" | "goals" | "investments" | "scheduled_transactions" | "transaction_comments" | "transactions" | "user_families" | "user_profiles"'.
  Overload 2 of 2, '(relation: never): PostgrestQueryBuilder<{ Tables: { achievements: { Row: { id: string; name: string; description: string; unlocked: boolean; dateUnlocked: string; }; Insert: { id?: string; name: string; description: string; unlocked?: boolean; dateUnlocked?: string; }; Update: { ...; }; }; ... 10 more ...; user_profiles: { ...; }; }; Views: {}; Functions: { ...; }; Enums: { ...; }; CompositeTypes: {}; }, never, never, never>', gave the following error.
    Argument of type '"budgets"' is not assignable to parameter of type 'never'.
hooks/useDashboardData.tsx(1251,47): error TS2769: No overload matches this call.
  Overload 1 of 2, '(relation: "achievements" | "categories" | "debts" | "families" | "family_invites" | "goals" | "investments" | "scheduled_transactions" | "transaction_comments" | "transactions" | "user_families" | "user_profiles"): PostgrestQueryBuilder<...>', gave the following error.
    Argument of type '"budgets"' is not assignable to parameter of type '"achievements" | "categories" | "debts" | "families" | "family_invites" | "goals" | "investments" | "scheduled_transactions" | "transaction_comments" | "transactions" | "user_families" | "user_profiles"'.
  Overload 2 of 2, '(relation: never): PostgrestQueryBuilder<{ Tables: { achievements: { Row: { id: string; name: string; description: string; unlocked: boolean; dateUnlocked: string; }; Insert: { id?: string; name: string; description: string; unlocked?: boolean; dateUnlocked?: string; }; Update: { ...; }; }; ... 10 more ...; user_profiles: { ...; }; }; Views: {}; Functions: { ...; }; Enums: { ...; }; CompositeTypes: {}; }, never, never, never>', gave the following error.
    Argument of type '"budgets"' is not assignable to parameter of type 'never'.
hooks/useDashboardData.tsx(1266,15): error TS2322: Type '{ description: string; amount: number; type: TransactionType; date: string; categoryId: string; goal_contribution_id: string; account_id: string; status: TransactionStatus; }' is not assignable to type 'Omit<Transaction, "id" | "user_id" | "category" | "category_id"> & { categoryId: string; }'.
  Type '{ description: string; amount: number; type: TransactionType; date: string; categoryId: string; goal_contribution_id: string; account_id: string; status: TransactionStatus; }' is missing the following properties from type 'Omit<Transaction, "id" | "user_id" | "category" | "category_id">': created_at, debt_payment_id, investment_id
hooks/useDashboardData.tsx(1294,76): error TS2769: No overload matches this call.
  Overload 1 of 2, '(values: { id?: string; user_id: string; description: string; amount: number; type: "receita" | "despesa"; date: string; category_id: string; goal_contribution_id?: string; debt_payment_id?: string; investment_id?: string; starred?: boolean; deleted_at?: string; created_at?: string; }, options?: { ...; }): PostgrestFilterBuilder<...>', gave the following error.
    Argument of type '{ category_id: string; user_id: string; type: TransactionType; status: TransactionStatus; location?: { latitude: number; longitude: number; address?: string; } | null; date: string; ... 14 more ...; to_account_id?: string | null; }' is not assignable to parameter of type '{ id?: string; user_id: string; description: string; amount: number; type: "receita" | "despesa"; date: string; category_id: string; goal_contribution_id?: string; debt_payment_id?: string; investment_id?: string; starred?: boolean; deleted_at?: string; created_at?: string; }'.
      Types of property 'type' are incompatible.
        Type 'TransactionType' is not assignable to type '"receita" | "despesa"'.
          Type '"transfer"' is not assignable to type '"receita" | "despesa"'.
  Overload 2 of 2, '(values: { id?: string; user_id: string; description: string; amount: number; type: "receita" | "despesa"; date: string; category_id: string; goal_contribution_id?: string; debt_payment_id?: string; investment_id?: string; starred?: boolean; deleted_at?: string; created_at?: string; }[], options?: { ...; }): PostgrestFilterBuilder<...>', gave the following error.
    Object literal may only specify known properties, and 'category_id' does not exist in type '{ id?: string; user_id: string; description: string; amount: number; type: "receita" | "despesa"; date: string; category_id: string; goal_contribution_id?: string; debt_payment_id?: string; investment_id?: string; starred?: boolean; deleted_at?: string; created_at?: string; }[]'.
hooks/useDashboardData.tsx(1358,19): error TS2741: Property 'created_at' is missing in type '{ id: `${string}-${string}-${string}-${string}-${string}`; name: string; total_amount: number; interest_rate: number; category: string; paid_amount: number; status: DebtStatus; user_id: string; }' but required in type 'Debt'.
hooks/useDashboardData.tsx(1387,15): error TS2322: Type '{ description: string; amount: number; type: TransactionType; date: string; categoryId: string; debt_payment_id: string; account_id: string; status: TransactionStatus; }' is not assignable to type 'Omit<Transaction, "id" | "user_id" | "category" | "category_id"> & { categoryId: string; }'.
  Type '{ description: string; amount: number; type: TransactionType; date: string; categoryId: string; debt_payment_id: string; account_id: string; status: TransactionStatus; }' is missing the following properties from type 'Omit<Transaction, "id" | "user_id" | "category" | "category_id">': created_at, goal_contribution_id, investment_id
hooks/useDashboardData.tsx(1412,76): error TS2769: No overload matches this call.
  Overload 1 of 2, '(values: { id?: string; user_id: string; description: string; amount: number; type: "receita" | "despesa"; date: string; category_id: string; goal_contribution_id?: string; debt_payment_id?: string; investment_id?: string; starred?: boolean; deleted_at?: string; created_at?: string; }, options?: { ...; }): PostgrestFilterBuilder<...>', gave the following error.
    Argument of type '{ category_id: string; user_id: string; type: TransactionType; status: TransactionStatus; location?: { latitude: number; longitude: number; address?: string; } | null; date: string; ... 14 more ...; to_account_id?: string | null; }' is not assignable to parameter of type '{ id?: string; user_id: string; description: string; amount: number; type: "receita" | "despesa"; date: string; category_id: string; goal_contribution_id?: string; debt_payment_id?: string; investment_id?: string; starred?: boolean; deleted_at?: string; created_at?: string; }'.
      Types of property 'type' are incompatible.
        Type 'TransactionType' is not assignable to type '"receita" | "despesa"'.
          Type '"transfer"' is not assignable to type '"receita" | "despesa"'.
  Overload 2 of 2, '(values: { id?: string; user_id: string; description: string; amount: number; type: "receita" | "despesa"; date: string; category_id: string; goal_contribution_id?: string; debt_payment_id?: string; investment_id?: string; starred?: boolean; deleted_at?: string; created_at?: string; }[], options?: { ...; }): PostgrestFilterBuilder<...>', gave the following error.
    Object literal may only specify known properties, and 'category_id' does not exist in type '{ id?: string; user_id: string; description: string; amount: number; type: "receita" | "despesa"; date: string; category_id: string; goal_contribution_id?: string; debt_payment_id?: string; investment_id?: string; starred?: boolean; deleted_at?: string; created_at?: string; }[]'.
hooks/useDashboardData.tsx(1565,51): error TS2769: No overload matches this call.
  Overload 1 of 2, '(relation: "achievements" | "categories" | "debts" | "families" | "family_invites" | "goals" | "investments" | "scheduled_transactions" | "transaction_comments" | "transactions" | "user_families" | "user_profiles"): PostgrestQueryBuilder<...>', gave the following error.
    Argument of type 'string' is not assignable to parameter of type '"achievements" | "categories" | "debts" | "families" | "family_invites" | "goals" | "investments" | "scheduled_transactions" | "transaction_comments" | "transactions" | "user_families" | "user_profiles"'.
  Overload 2 of 2, '(relation: never): PostgrestQueryBuilder<{ Tables: { achievements: { Row: { id: string; name: string; description: string; unlocked: boolean; dateUnlocked: string; }; Insert: { id?: string; name: string; description: string; unlocked?: boolean; dateUnlocked?: string; }; Update: { ...; }; }; ... 10 more ...; user_profiles: { ...; }; }; Views: {}; Functions: { ...; }; Enums: { ...; }; CompositeTypes: {}; }, never, never, never>', gave the following error.
    Argument of type 'string' is not assignable to parameter of type 'never'.
hooks/useDashboardData.tsx(1615,68): error TS2769: No overload matches this call.
  Overload 1 of 2, '(relation: "achievements" | "categories" | "debts" | "families" | "family_invites" | "goals" | "investments" | "scheduled_transactions" | "transaction_comments" | "transactions" | "user_families" | "user_profiles"): PostgrestQueryBuilder<...>', gave the following error.
    Argument of type 'string' is not assignable to parameter of type '"achievements" | "categories" | "debts" | "families" | "family_invites" | "goals" | "investments" | "scheduled_transactions" | "transaction_comments" | "transactions" | "user_families" | "user_profiles"'.
  Overload 2 of 2, '(relation: never): PostgrestQueryBuilder<{ Tables: { achievements: { Row: { id: string; name: string; description: string; unlocked: boolean; dateUnlocked: string; }; Insert: { id?: string; name: string; description: string; unlocked?: boolean; dateUnlocked?: string; }; Update: { ...; }; }; ... 10 more ...; user_profiles: { ...; }; }; Views: {}; Functions: { ...; }; Enums: { ...; }; CompositeTypes: {}; }, never, never, never>', gave the following error.
    Argument of type 'string' is not assignable to parameter of type 'never'.
hooks/useDashboardData.tsx(1620,88): error TS2769: No overload matches this call.
  Overload 1 of 2, '(values: { id?: string; user_id: string; name: string; icon: string; color: string; created_at?: string; }, options?: { count?: "exact" | "planned" | "estimated"; }): PostgrestFilterBuilder<{ Tables: { achievements: { ...; }; ... 10 more ...; user_profiles: { ...; }; }; Views: {}; Functions: { ...; }; Enums: { ...; }; CompositeTypes: {}; }, { ...; }, null, "categories", unknown>', gave the following error.
    Argument of type 'Omit<Category, "id">[]' is not assignable to parameter of type '{ id?: string; user_id: string; name: string; icon: string; color: string; created_at?: string; }'.
      Type 'Omit<Category, "id">[]' is missing the following properties from type '{ id?: string; user_id: string; name: string; icon: string; color: string; created_at?: string; }': user_id, name, icon, color
  Overload 2 of 2, '(values: { id?: string; user_id: string; name: string; icon: string; color: string; created_at?: string; }[], options?: { count?: "exact" | "planned" | "estimated"; defaultToNull?: boolean; }): PostgrestFilterBuilder<{ ...; }, { ...; }, null, "categories", unknown>', gave the following error.
    Argument of type 'Omit<Category, "id">[]' is not assignable to parameter of type '{ id?: string; user_id: string; name: string; icon: string; color: string; created_at?: string; }[]'.
      Type 'Omit<Category, "id">' is not assignable to type '{ id?: string; user_id: string; name: string; icon: string; color: string; created_at?: string; }'.
        Types of property 'icon' are incompatible.
          Type 'ElementType<any, keyof IntrinsicElements>' is not assignable to type 'string'.
            Type 'ComponentClass<any, any>' is not assignable to type 'string'.
hooks/useDashboardData.tsx(1642,54): error TS2769: No overload matches this call.
  Overload 1 of 2, '(values: { id?: string; user_id: string; description: string; amount: number; type: "receita" | "despesa"; date: string; category_id: string; goal_contribution_id?: string; debt_payment_id?: string; investment_id?: string; starred?: boolean; deleted_at?: string; created_at?: string; }, options?: { ...; }): PostgrestFilterBuilder<...>', gave the following error.
    Argument of type '{ goal_contribution_id: string; debt_payment_id: string; amount: number; type: TransactionType; status: TransactionStatus; location?: { latitude: number; longitude: number; address?: string; }; ... 14 more ...; to_account_id?: string; }[]' is not assignable to parameter of type '{ id?: string; user_id: string; description: string; amount: number; type: "receita" | "despesa"; date: string; category_id: string; goal_contribution_id?: string; debt_payment_id?: string; investment_id?: string; starred?: boolean; deleted_at?: string; created_at?: string; }'.
      Type '{ goal_contribution_id: string; debt_payment_id: string; amount: number; type: TransactionType; status: TransactionStatus; location?: { latitude: number; longitude: number; address?: string; }; ... 14 more ...; to_account_id?: string; }[]' is missing the following properties from type '{ id?: string; user_id: string; description: string; amount: number; type: "receita" | "despesa"; date: string; category_id: string; goal_contribution_id?: string; debt_payment_id?: string; investment_id?: string; starred?: boolean; deleted_at?: string; created_at?: string; }': user_id, description, amount, type, and 2 more.
  Overload 2 of 2, '(values: { id?: string; user_id: string; description: string; amount: number; type: "receita" | "despesa"; date: string; category_id: string; goal_contribution_id?: string; debt_payment_id?: string; investment_id?: string; starred?: boolean; deleted_at?: string; created_at?: string; }[], options?: { ...; }): PostgrestFilterBuilder<...>', gave the following error.
    Argument of type '{ goal_contribution_id: string; debt_payment_id: string; amount: number; type: TransactionType; status: TransactionStatus; location?: { latitude: number; longitude: number; address?: string; }; ... 14 more ...; to_account_id?: string; }[]' is not assignable to parameter of type '{ id?: string; user_id: string; description: string; amount: number; type: "receita" | "despesa"; date: string; category_id: string; goal_contribution_id?: string; debt_payment_id?: string; investment_id?: string; starred?: boolean; deleted_at?: string; created_at?: string; }[]'.
      Type '{ goal_contribution_id: string; debt_payment_id: string; amount: number; type: TransactionType; status: TransactionStatus; location?: { latitude: number; longitude: number; address?: string; } | null; ... 14 more ...; to_account_id?: string | null; }' is not assignable to type '{ id?: string; user_id: string; description: string; amount: number; type: "receita" | "despesa"; date: string; category_id: string; goal_contribution_id?: string; debt_payment_id?: string; investment_id?: string; starred?: boolean; deleted_at?: string; created_at?: string; }'.
        Types of property 'type' are incompatible.
          Type 'TransactionType' is not assignable to type '"receita" | "despesa"'.
            Type '"transfer"' is not assignable to type '"receita" | "despesa"'.
hooks/useDashboardData.tsx(1643,64): error TS2769: No overload matches this call.
  Overload 1 of 2, '(values: { id?: string; user_id: string; description: string; amount: number; type: "receita" | "despesa"; category_id: string; start_date: string; next_due_date: string; frequency: "Dirio" | "Semanal" | "Quinzenal" | "Mensal" | "Anual"; created_at?: string; }, options?: { ...; }): PostgrestFilterBuilder<...>', gave the following error.
    Argument of type '{ amount: number; type: TransactionType; description: string; user_id: string; created_at: string; category_id: string; start_date: string; next_due_date: string; frequency: "Dirio" | ... 3 more ... | "Anual"; account_id?: string; }[]' is not assignable to parameter of type '{ id?: string; user_id: string; description: string; amount: number; type: "receita" | "despesa"; category_id: string; start_date: string; next_due_date: string; frequency: "Dirio" | "Semanal" | "Quinzenal" | "Mensal" | "Anual"; created_at?: string; }'.
      Type '{ amount: number; type: TransactionType; description: string; user_id: string; created_at: string; category_id: string; start_date: string; next_due_date: string; frequency: "Dirio" | ... 3 more ... | "Anual"; account_id?: string; }[]' is missing the following properties from type '{ id?: string; user_id: string; description: string; amount: number; type: "receita" | "despesa"; category_id: string; start_date: string; next_due_date: string; frequency: "Dirio" | "Semanal" | "Quinzenal" | "Mensal" | "Anual"; created_at?: string; }': user_id, description, amount, type, and 4 more.
  Overload 2 of 2, '(values: { id?: string; user_id: string; description: string; amount: number; type: "receita" | "despesa"; category_id: string; start_date: string; next_due_date: string; frequency: "Dirio" | "Semanal" | "Quinzenal" | "Mensal" | "Anual"; created_at?: string; }[], options?: { ...; }): PostgrestFilterBuilder<...>', gave the following error.
    Argument of type '{ amount: number; type: TransactionType; description: string; user_id: string; created_at: string; category_id: string; start_date: string; next_due_date: string; frequency: "Dirio" | ... 3 more ... | "Anual"; account_id?: string; }[]' is not assignable to parameter of type '{ id?: string; user_id: string; description: string; amount: number; type: "receita" | "despesa"; category_id: string; start_date: string; next_due_date: string; frequency: "Dirio" | "Semanal" | "Quinzenal" | "Mensal" | "Anual"; created_at?: string; }[]'.
      Type '{ amount: number; type: TransactionType; description: string; user_id: string; created_at: string; category_id: string; start_date: string; next_due_date: string; frequency: "Di\u00E1rio" | "Semanal" | "Quinzenal" | "Mensal" | "Anual"; account_id?: string; }' is not assignable to type '{ id?: string; user_id: string; description: string; amount: number; type: "receita" | "despesa"; category_id: string; start_date: string; next_due_date: string; frequency: "Dirio" | "Semanal" | "Quinzenal" | "Mensal" | "Anual"; created_at?: string; }'.
        Types of property 'type' are incompatible.
          Type 'TransactionType' is not assignable to type '"receita" | "despesa"'.
            Type '"transfer"' is not assignable to type '"receita" | "despesa"'.
hooks/useDashboardData.tsx(1682,74): error TS2769: No overload matches this call.
  Overload 1 of 2, '(values: { id?: string; user_id: string; description: string; amount: number; type: "receita" | "despesa"; date: string; category_id: string; goal_contribution_id?: string; debt_payment_id?: string; investment_id?: string; starred?: boolean; deleted_at?: string; created_at?: string; }, options?: { ...; }): PostgrestFilterBuilder<...>', gave the following error.
    Argument of type '{ user_id: string; description: string; amount: number; type: TransactionType; date: string; category_id: string; status: TransactionStatus; account_id: string; }[]' is not assignable to parameter of type '{ id?: string; user_id: string; description: string; amount: number; type: "receita" | "despesa"; date: string; category_id: string; goal_contribution_id?: string; debt_payment_id?: string; investment_id?: string; starred?: boolean; deleted_at?: string; created_at?: string; }'.
      Type '{ user_id: string; description: string; amount: number; type: TransactionType; date: string; category_id: string; status: TransactionStatus; account_id: string; }[]' is missing the following properties from type '{ id?: string; user_id: string; description: string; amount: number; type: "receita" | "despesa"; date: string; category_id: string; goal_contribution_id?: string; debt_payment_id?: string; investment_id?: string; starred?: boolean; deleted_at?: string; created_at?: string; }': user_id, description, amount, type, and 2 more.
  Overload 2 of 2, '(values: { id?: string; user_id: string; description: string; amount: number; type: "receita" | "despesa"; date: string; category_id: string; goal_contribution_id?: string; debt_payment_id?: string; investment_id?: string; starred?: boolean; deleted_at?: string; created_at?: string; }[], options?: { ...; }): PostgrestFilterBuilder<...>', gave the following error.
    Argument of type '{ user_id: string; description: string; amount: number; type: TransactionType; date: string; category_id: string; status: TransactionStatus; account_id: string; }[]' is not assignable to parameter of type '{ id?: string; user_id: string; description: string; amount: number; type: "receita" | "despesa"; date: string; category_id: string; goal_contribution_id?: string; debt_payment_id?: string; investment_id?: string; starred?: boolean; deleted_at?: string; created_at?: string; }[]'.
      Type '{ user_id: string; description: string; amount: number; type: TransactionType; date: string; category_id: string; status: TransactionStatus; account_id: string; }' is not assignable to type '{ id?: string; user_id: string; description: string; amount: number; type: "receita" | "despesa"; date: string; category_id: string; goal_contribution_id?: string; debt_payment_id?: string; investment_id?: string; starred?: boolean; deleted_at?: string; created_at?: string; }'.
        Types of property 'type' are incompatible.
          Type 'TransactionType' is not assignable to type '"receita" | "despesa"'.
            Type '"transfer"' is not assignable to type '"receita" | "despesa"'.
hooks/useDeepErrorAnalysis.ts(26,12): error TS2554: Expected 2 arguments, but got 1.
